2022-09-14 08:32:25.804 ERROR 7884 --- [           main] o.s.boot.SpringApplication               : Application run failed

java.lang.IllegalStateException: java.lang.IllegalStateException: Logback configuration error detected: 
ERROR in ch.qos.logback.core.joran.util.PropertySetter@17b0699 - Could not invoke method addDestination in class net.logstash.logback.appender.LogstashTcpSocketAppender with parameter of type java.lang.String java.lang.reflect.InvocationTargetException
ERROR in net.logstash.logback.appender.LogstashTcpSocketAppender[LOGSTASH] - No destination was configured. Use <destination> to add one or more destinations to the appender
	at org.springframework.boot.context.logging.LoggingApplicationListener.initializeSystem(LoggingApplicationListener.java:327)
	at org.springframework.boot.context.logging.LoggingApplicationListener.initialize(LoggingApplicationListener.java:281)
	at org.springframework.boot.context.logging.LoggingApplicationListener.onApplicationEnvironmentPreparedEvent(LoggingApplicationListener.java:239)
	at org.springframework.boot.context.logging.LoggingApplicationListener.onApplicationEvent(LoggingApplicationListener.java:216)
	at org.springframework.context.event.SimpleApplicationEventMulticaster.doInvokeListener(SimpleApplicationEventMulticaster.java:176)
	at org.springframework.context.event.SimpleApplicationEventMulticaster.invokeListener(SimpleApplicationEventMulticaster.java:169)
	at org.springframework.context.event.SimpleApplicationEventMulticaster.multicastEvent(SimpleApplicationEventMulticaster.java:143)
	at org.springframework.context.event.SimpleApplicationEventMulticaster.multicastEvent(SimpleApplicationEventMulticaster.java:131)
	at org.springframework.boot.context.event.EventPublishingRunListener.environmentPrepared(EventPublishingRunListener.java:82)
	at org.springframework.boot.SpringApplicationRunListeners.lambda$environmentPrepared$2(SpringApplicationRunListeners.java:63)
	at java.util.ArrayList.forEach(ArrayList.java:1259)
	at org.springframework.boot.SpringApplicationRunListeners.doWithListeners(SpringApplicationRunListeners.java:117)
	at org.springframework.boot.SpringApplicationRunListeners.doWithListeners(SpringApplicationRunListeners.java:111)
	at org.springframework.boot.SpringApplicationRunListeners.environmentPrepared(SpringApplicationRunListeners.java:62)
	at org.springframework.boot.SpringApplication.prepareEnvironment(SpringApplication.java:375)
	at org.springframework.boot.SpringApplication.run(SpringApplication.java:333)
	at org.springframework.boot.SpringApplication.run(SpringApplication.java:1329)
	at org.springframework.boot.SpringApplication.run(SpringApplication.java:1318)
	at cn.lili.admin.AdminApplication.main(AdminApplication.java:27)
Caused by: java.lang.IllegalStateException: Logback configuration error detected: 
ERROR in ch.qos.logback.core.joran.util.PropertySetter@17b0699 - Could not invoke method addDestination in class net.logstash.logback.appender.LogstashTcpSocketAppender with parameter of type java.lang.String java.lang.reflect.InvocationTargetException
ERROR in net.logstash.logback.appender.LogstashTcpSocketAppender[LOGSTASH] - No destination was configured. Use <destination> to add one or more destinations to the appender
	at org.springframework.boot.logging.logback.LogbackLoggingSystem.loadConfiguration(LogbackLoggingSystem.java:179)
	at org.springframework.boot.logging.AbstractLoggingSystem.initializeWithConventions(AbstractLoggingSystem.java:80)
	at org.springframework.boot.logging.AbstractLoggingSystem.initialize(AbstractLoggingSystem.java:60)
	at org.springframework.boot.logging.logback.LogbackLoggingSystem.initialize(LogbackLoggingSystem.java:132)
	at org.springframework.boot.context.logging.LoggingApplicationListener.initializeSystem(LoggingApplicationListener.java:312)
	... 18 common frames omitted

2022-09-14 08:39:22.436 ERROR 22572 --- [           main] o.s.boot.SpringApplication               : Application run failed

java.lang.IllegalStateException: java.lang.IllegalStateException: Logback configuration error detected: 
ERROR in ch.qos.logback.core.joran.util.PropertySetter@25b8a7 - Could not invoke method addDestination in class net.logstash.logback.appender.LogstashTcpSocketAppender with parameter of type java.lang.String java.lang.reflect.InvocationTargetException
ERROR in net.logstash.logback.appender.LogstashTcpSocketAppender[LOGSTASH] - No destination was configured. Use <destination> to add one or more destinations to the appender
	at org.springframework.boot.context.logging.LoggingApplicationListener.initializeSystem(LoggingApplicationListener.java:327)
	at org.springframework.boot.context.logging.LoggingApplicationListener.initialize(LoggingApplicationListener.java:281)
	at org.springframework.boot.context.logging.LoggingApplicationListener.onApplicationEnvironmentPreparedEvent(LoggingApplicationListener.java:239)
	at org.springframework.boot.context.logging.LoggingApplicationListener.onApplicationEvent(LoggingApplicationListener.java:216)
	at org.springframework.context.event.SimpleApplicationEventMulticaster.doInvokeListener(SimpleApplicationEventMulticaster.java:176)
	at org.springframework.context.event.SimpleApplicationEventMulticaster.invokeListener(SimpleApplicationEventMulticaster.java:169)
	at org.springframework.context.event.SimpleApplicationEventMulticaster.multicastEvent(SimpleApplicationEventMulticaster.java:143)
	at org.springframework.context.event.SimpleApplicationEventMulticaster.multicastEvent(SimpleApplicationEventMulticaster.java:131)
	at org.springframework.boot.context.event.EventPublishingRunListener.environmentPrepared(EventPublishingRunListener.java:82)
	at org.springframework.boot.SpringApplicationRunListeners.lambda$environmentPrepared$2(SpringApplicationRunListeners.java:63)
	at java.util.ArrayList.forEach(ArrayList.java:1259)
	at org.springframework.boot.SpringApplicationRunListeners.doWithListeners(SpringApplicationRunListeners.java:117)
	at org.springframework.boot.SpringApplicationRunListeners.doWithListeners(SpringApplicationRunListeners.java:111)
	at org.springframework.boot.SpringApplicationRunListeners.environmentPrepared(SpringApplicationRunListeners.java:62)
	at org.springframework.boot.SpringApplication.prepareEnvironment(SpringApplication.java:375)
	at org.springframework.boot.SpringApplication.run(SpringApplication.java:333)
	at org.springframework.boot.SpringApplication.run(SpringApplication.java:1329)
	at org.springframework.boot.SpringApplication.run(SpringApplication.java:1318)
	at cn.lili.admin.AdminApplication.main(AdminApplication.java:27)
Caused by: java.lang.IllegalStateException: Logback configuration error detected: 
ERROR in ch.qos.logback.core.joran.util.PropertySetter@25b8a7 - Could not invoke method addDestination in class net.logstash.logback.appender.LogstashTcpSocketAppender with parameter of type java.lang.String java.lang.reflect.InvocationTargetException
ERROR in net.logstash.logback.appender.LogstashTcpSocketAppender[LOGSTASH] - No destination was configured. Use <destination> to add one or more destinations to the appender
	at org.springframework.boot.logging.logback.LogbackLoggingSystem.loadConfiguration(LogbackLoggingSystem.java:179)
	at org.springframework.boot.logging.AbstractLoggingSystem.initializeWithConventions(AbstractLoggingSystem.java:80)
	at org.springframework.boot.logging.AbstractLoggingSystem.initialize(AbstractLoggingSystem.java:60)
	at org.springframework.boot.logging.logback.LogbackLoggingSystem.initialize(LogbackLoggingSystem.java:132)
	at org.springframework.boot.context.logging.LoggingApplicationListener.initializeSystem(LoggingApplicationListener.java:312)
	... 18 common frames omitted

2022-09-14 08:41:13.124 ERROR 23936 --- [           main] o.s.boot.SpringApplication               : Application run failed

java.lang.IllegalStateException: java.lang.IllegalStateException: Logback configuration error detected: 
ERROR in ch.qos.logback.core.joran.util.PropertySetter@25b8a7 - Could not invoke method addDestination in class net.logstash.logback.appender.LogstashTcpSocketAppender with parameter of type java.lang.String java.lang.reflect.InvocationTargetException
ERROR in net.logstash.logback.appender.LogstashTcpSocketAppender[LOGSTASH] - No destination was configured. Use <destination> to add one or more destinations to the appender
	at org.springframework.boot.context.logging.LoggingApplicationListener.initializeSystem(LoggingApplicationListener.java:327)
	at org.springframework.boot.context.logging.LoggingApplicationListener.initialize(LoggingApplicationListener.java:281)
	at org.springframework.boot.context.logging.LoggingApplicationListener.onApplicationEnvironmentPreparedEvent(LoggingApplicationListener.java:239)
	at org.springframework.boot.context.logging.LoggingApplicationListener.onApplicationEvent(LoggingApplicationListener.java:216)
	at org.springframework.context.event.SimpleApplicationEventMulticaster.doInvokeListener(SimpleApplicationEventMulticaster.java:176)
	at org.springframework.context.event.SimpleApplicationEventMulticaster.invokeListener(SimpleApplicationEventMulticaster.java:169)
	at org.springframework.context.event.SimpleApplicationEventMulticaster.multicastEvent(SimpleApplicationEventMulticaster.java:143)
	at org.springframework.context.event.SimpleApplicationEventMulticaster.multicastEvent(SimpleApplicationEventMulticaster.java:131)
	at org.springframework.boot.context.event.EventPublishingRunListener.environmentPrepared(EventPublishingRunListener.java:82)
	at org.springframework.boot.SpringApplicationRunListeners.lambda$environmentPrepared$2(SpringApplicationRunListeners.java:63)
	at java.util.ArrayList.forEach(ArrayList.java:1259)
	at org.springframework.boot.SpringApplicationRunListeners.doWithListeners(SpringApplicationRunListeners.java:117)
	at org.springframework.boot.SpringApplicationRunListeners.doWithListeners(SpringApplicationRunListeners.java:111)
	at org.springframework.boot.SpringApplicationRunListeners.environmentPrepared(SpringApplicationRunListeners.java:62)
	at org.springframework.boot.SpringApplication.prepareEnvironment(SpringApplication.java:375)
	at org.springframework.boot.SpringApplication.run(SpringApplication.java:333)
	at org.springframework.boot.SpringApplication.run(SpringApplication.java:1329)
	at org.springframework.boot.SpringApplication.run(SpringApplication.java:1318)
	at cn.lili.admin.AdminApplication.main(AdminApplication.java:27)
Caused by: java.lang.IllegalStateException: Logback configuration error detected: 
ERROR in ch.qos.logback.core.joran.util.PropertySetter@25b8a7 - Could not invoke method addDestination in class net.logstash.logback.appender.LogstashTcpSocketAppender with parameter of type java.lang.String java.lang.reflect.InvocationTargetException
ERROR in net.logstash.logback.appender.LogstashTcpSocketAppender[LOGSTASH] - No destination was configured. Use <destination> to add one or more destinations to the appender
	at org.springframework.boot.logging.logback.LogbackLoggingSystem.loadConfiguration(LogbackLoggingSystem.java:179)
	at org.springframework.boot.logging.AbstractLoggingSystem.initializeWithConventions(AbstractLoggingSystem.java:80)
	at org.springframework.boot.logging.AbstractLoggingSystem.initialize(AbstractLoggingSystem.java:60)
	at org.springframework.boot.logging.logback.LogbackLoggingSystem.initialize(LogbackLoggingSystem.java:132)
	at org.springframework.boot.context.logging.LoggingApplicationListener.initializeSystem(LoggingApplicationListener.java:312)
	... 18 common frames omitted

2022-09-14 08:41:32.188 ERROR 8016 --- [           main] o.s.boot.SpringApplication               : Application run failed

java.lang.IllegalStateException: java.lang.IllegalStateException: Logback configuration error detected: 
ERROR in ch.qos.logback.core.joran.util.PropertySetter@1ac3fd8 - Could not invoke method addDestination in class net.logstash.logback.appender.LogstashTcpSocketAppender with parameter of type java.lang.String java.lang.reflect.InvocationTargetException
ERROR in net.logstash.logback.appender.LogstashTcpSocketAppender[LOGSTASH] - No destination was configured. Use <destination> to add one or more destinations to the appender
	at org.springframework.boot.context.logging.LoggingApplicationListener.initializeSystem(LoggingApplicationListener.java:327)
	at org.springframework.boot.context.logging.LoggingApplicationListener.initialize(LoggingApplicationListener.java:281)
	at org.springframework.boot.context.logging.LoggingApplicationListener.onApplicationEnvironmentPreparedEvent(LoggingApplicationListener.java:239)
	at org.springframework.boot.context.logging.LoggingApplicationListener.onApplicationEvent(LoggingApplicationListener.java:216)
	at org.springframework.context.event.SimpleApplicationEventMulticaster.doInvokeListener(SimpleApplicationEventMulticaster.java:176)
	at org.springframework.context.event.SimpleApplicationEventMulticaster.invokeListener(SimpleApplicationEventMulticaster.java:169)
	at org.springframework.context.event.SimpleApplicationEventMulticaster.multicastEvent(SimpleApplicationEventMulticaster.java:143)
	at org.springframework.context.event.SimpleApplicationEventMulticaster.multicastEvent(SimpleApplicationEventMulticaster.java:131)
	at org.springframework.boot.context.event.EventPublishingRunListener.environmentPrepared(EventPublishingRunListener.java:82)
	at org.springframework.boot.SpringApplicationRunListeners.lambda$environmentPrepared$2(SpringApplicationRunListeners.java:63)
	at java.util.ArrayList.forEach(ArrayList.java:1259)
	at org.springframework.boot.SpringApplicationRunListeners.doWithListeners(SpringApplicationRunListeners.java:117)
	at org.springframework.boot.SpringApplicationRunListeners.doWithListeners(SpringApplicationRunListeners.java:111)
	at org.springframework.boot.SpringApplicationRunListeners.environmentPrepared(SpringApplicationRunListeners.java:62)
	at org.springframework.boot.SpringApplication.prepareEnvironment(SpringApplication.java:375)
	at org.springframework.boot.SpringApplication.run(SpringApplication.java:333)
	at org.springframework.boot.SpringApplication.run(SpringApplication.java:1329)
	at org.springframework.boot.SpringApplication.run(SpringApplication.java:1318)
	at cn.lili.admin.AdminApplication.main(AdminApplication.java:27)
Caused by: java.lang.IllegalStateException: Logback configuration error detected: 
ERROR in ch.qos.logback.core.joran.util.PropertySetter@1ac3fd8 - Could not invoke method addDestination in class net.logstash.logback.appender.LogstashTcpSocketAppender with parameter of type java.lang.String java.lang.reflect.InvocationTargetException
ERROR in net.logstash.logback.appender.LogstashTcpSocketAppender[LOGSTASH] - No destination was configured. Use <destination> to add one or more destinations to the appender
	at org.springframework.boot.logging.logback.LogbackLoggingSystem.loadConfiguration(LogbackLoggingSystem.java:179)
	at org.springframework.boot.logging.AbstractLoggingSystem.initializeWithConventions(AbstractLoggingSystem.java:80)
	at org.springframework.boot.logging.AbstractLoggingSystem.initialize(AbstractLoggingSystem.java:60)
	at org.springframework.boot.logging.logback.LogbackLoggingSystem.initialize(LogbackLoggingSystem.java:132)
	at org.springframework.boot.context.logging.LoggingApplicationListener.initializeSystem(LoggingApplicationListener.java:312)
	... 18 common frames omitted

2022-09-14 08:41:41.482  INFO 26052 --- [           main] cn.lili.admin.AdminApplication           : Starting AdminApplication using Java 1.8.0_291 on HZ-IT-205 with PID 26052 (E:\tangtian_up\tangtianup-thinging-in-lilishop\admin\target\classes started by tian.tang in E:\tangtian_up)
2022-09-14 08:41:41.486  INFO 26052 --- [           main] cn.lili.admin.AdminApplication           : No active profile set, falling back to default profiles: default
2022-09-14 08:41:43.188  INFO 26052 --- [           main] o.s.b.w.embedded.tomcat.TomcatWebServer  : Tomcat initialized with port(s): 8000 (http)
2022-09-14 08:41:43.199  INFO 26052 --- [           main] o.apache.catalina.core.StandardService   : Starting service [Tomcat]
2022-09-14 08:41:43.199  INFO 26052 --- [           main] org.apache.catalina.core.StandardEngine  : Starting Servlet engine: [Apache Tomcat/9.0.52]
2022-09-14 08:41:43.401  INFO 26052 --- [           main] o.a.c.c.C.[Tomcat].[localhost].[/]       : Initializing Spring embedded WebApplicationContext
2022-09-14 08:41:43.401  INFO 26052 --- [           main] w.s.c.ServletWebServerApplicationContext : Root WebApplicationContext: initialization completed in 1848 ms
2022-09-14 08:41:44.089  WARN 26052 --- [           main] ion$DefaultTemplateResolverConfiguration : Cannot find template location: classpath:/templates/ (please add some templates or check your Thymeleaf configuration)
2022-09-14 08:41:45.230  INFO 26052 --- [           main] o.s.s.web.DefaultSecurityFilterChain     : Will secure any request with [org.springframework.security.web.context.request.async.WebAsyncManagerIntegrationFilter@615687, org.springframework.security.web.context.SecurityContextPersistenceFilter@1e7b749, org.springframework.security.web.header.HeaderWriterFilter@df9bde, org.springframework.security.web.authentication.logout.LogoutFilter@cf3ae1, org.springframework.security.web.authentication.UsernamePasswordAuthenticationFilter@6a4c52, org.springframework.security.web.authentication.www.BasicAuthenticationFilter@1814bbe, org.springframework.security.web.savedrequest.RequestCacheAwareFilter@aeae34, org.springframework.security.web.servletapi.SecurityContextHolderAwareRequestFilter@160b64d, org.springframework.security.web.authentication.rememberme.RememberMeAuthenticationFilter@b195dd, org.springframework.security.web.authentication.AnonymousAuthenticationFilter@636b50, org.springframework.security.web.session.SessionManagementFilter@18530cb, org.springframework.security.web.access.ExceptionTranslationFilter@346c45, org.springframework.security.web.access.intercept.FilterSecurityInterceptor@ff1372]
2022-09-14 08:41:45.262  INFO 26052 --- [           main] o.s.b.a.e.web.EndpointLinksResolver      : Exposing 14 endpoint(s) beneath base path '/actuator'
2022-09-14 08:41:45.305  INFO 26052 --- [           main] o.s.b.w.embedded.tomcat.TomcatWebServer  : Tomcat started on port(s): 8000 (http) with context path ''
2022-09-14 08:41:45.316  INFO 26052 --- [           main] cn.lili.admin.AdminApplication           : Started AdminApplication in 4.387 seconds (JVM running for 5.187)
2022-09-14 08:42:08.808  INFO 26052 --- [nio-8000-exec-1] o.a.c.c.C.[Tomcat].[localhost].[/]       : Initializing Spring DispatcherServlet 'dispatcherServlet'
2022-09-14 08:42:08.808  INFO 26052 --- [nio-8000-exec-1] o.s.web.servlet.DispatcherServlet        : Initializing Servlet 'dispatcherServlet'
2022-09-14 08:42:08.809  INFO 26052 --- [nio-8000-exec-1] o.s.web.servlet.DispatcherServlet        : Completed initialization in 1 ms
2022-09-14 08:44:46.382  INFO 26052 --- [ctor-http-nio-1] d.c.b.a.server.services.StatusUpdater    : Couldn't retrieve status for Instance(id=c4bc4423b7ba, version=0, registration=Registration(name=buyer-api, managementUrl=http://HZ-IT-205.adicon.com:8888/actuator, healthUrl=http://HZ-IT-205.adicon.com:8888/actuator/health, serviceUrl=http://HZ-IT-205.adicon.com:8888/, source=http-api), registered=true, statusInfo=StatusInfo(status=UNKNOWN, details={}), statusTimestamp=2022-09-14T00:44:45.984Z, info=Info(values={}), endpoints=Endpoints(endpoints={health=Endpoint(id=health, url=http://HZ-IT-205.adicon.com:8888/actuator/health)}), buildVersion=null, tags=Tags(values={}))

org.springframework.web.reactive.function.client.WebClientRequestException: failed to resolve 'HZ-IT-205.adicon.com' after 2 queries ; nested exception is java.net.UnknownHostException: failed to resolve 'HZ-IT-205.adicon.com' after 2 queries 
	at org.springframework.web.reactive.function.client.ExchangeFunctions$DefaultExchangeFunction.lambda$wrapException$9(ExchangeFunctions.java:141)
	Suppressed: reactor.core.publisher.FluxOnAssembly$OnAssemblyException: 
Error has been observed at the following site(s):
	|_ checkpoint ⇢ Request to GET health [DefaultWebClient]
Stack trace:
		at org.springframework.web.reactive.function.client.ExchangeFunctions$DefaultExchangeFunction.lambda$wrapException$9(ExchangeFunctions.java:141)
		at reactor.core.publisher.MonoErrorSupplied.subscribe(MonoErrorSupplied.java:55)
		at reactor.core.publisher.Mono.subscribe(Mono.java:4338)
		at reactor.core.publisher.FluxOnErrorResume$ResumeSubscriber.onError(FluxOnErrorResume.java:103)
		at reactor.core.publisher.FluxPeek$PeekSubscriber.onError(FluxPeek.java:222)
		at reactor.core.publisher.FluxPeek$PeekSubscriber.onError(FluxPeek.java:222)
		at reactor.core.publisher.FluxPeek$PeekSubscriber.onError(FluxPeek.java:222)
		at reactor.core.publisher.MonoNext$NextSubscriber.onError(MonoNext.java:93)
		at reactor.core.publisher.MonoFlatMapMany$FlatMapManyMain.onError(MonoFlatMapMany.java:204)
		at reactor.core.publisher.SerializedSubscriber.onError(SerializedSubscriber.java:124)
		at reactor.core.publisher.FluxRetryWhen$RetryWhenMainSubscriber.whenError(FluxRetryWhen.java:225)
		at reactor.core.publisher.FluxRetryWhen$RetryWhenOtherSubscriber.onError(FluxRetryWhen.java:274)
		at reactor.core.publisher.FluxConcatMap$ConcatMapImmediate.drain(FluxConcatMap.java:414)
		at reactor.core.publisher.FluxConcatMap$ConcatMapImmediate.onNext(FluxConcatMap.java:251)
		at reactor.core.publisher.EmitterProcessor.drain(EmitterProcessor.java:491)
		at reactor.core.publisher.EmitterProcessor.tryEmitNext(EmitterProcessor.java:299)
		at reactor.core.publisher.SinkManySerialized.tryEmitNext(SinkManySerialized.java:100)
		at reactor.core.publisher.InternalManySink.emitNext(InternalManySink.java:27)
		at reactor.core.publisher.FluxRetryWhen$RetryWhenMainSubscriber.onError(FluxRetryWhen.java:190)
		at reactor.core.publisher.MonoCreate$DefaultMonoSink.error(MonoCreate.java:189)
		at reactor.netty.http.client.HttpClientConnect$MonoHttpConnect$ClientTransportSubscriber.onError(HttpClientConnect.java:304)
		at reactor.core.publisher.MonoCreate$DefaultMonoSink.error(MonoCreate.java:189)
		at reactor.netty.resources.DefaultPooledConnectionProvider$DisposableAcquire.onError(DefaultPooledConnectionProvider.java:172)
		at reactor.netty.internal.shaded.reactor.pool.AbstractPool$Borrower.fail(AbstractPool.java:445)
		at reactor.netty.internal.shaded.reactor.pool.SimpleDequePool.lambda$drainLoop$9(SimpleDequePool.java:400)
		at reactor.core.publisher.FluxDoOnEach$DoOnEachSubscriber.onError(FluxDoOnEach.java:186)
		at reactor.core.publisher.MonoCreate$DefaultMonoSink.error(MonoCreate.java:189)
		at reactor.netty.resources.DefaultPooledConnectionProvider$PooledConnectionAllocator$PooledConnectionInitializer.onError(DefaultPooledConnectionProvider.java:554)
		at reactor.core.publisher.MonoFlatMap$FlatMapMain.secondError(MonoFlatMap.java:192)
		at reactor.core.publisher.MonoFlatMap$FlatMapInner.onError(MonoFlatMap.java:259)
		at reactor.core.publisher.FluxOnErrorResume$ResumeSubscriber.onError(FluxOnErrorResume.java:106)
		at reactor.core.publisher.Operators.error(Operators.java:198)
		at reactor.core.publisher.MonoError.subscribe(MonoError.java:53)
		at reactor.core.publisher.Mono.subscribe(Mono.java:4338)
		at reactor.core.publisher.FluxOnErrorResume$ResumeSubscriber.onError(FluxOnErrorResume.java:103)
		at reactor.netty.transport.TransportConnector$MonoChannelPromise.tryFailure(TransportConnector.java:517)
		at reactor.netty.transport.TransportConnector.lambda$doResolveAndConnect$11(TransportConnector.java:324)
		at io.netty.util.concurrent.DefaultPromise.notifyListener0(DefaultPromise.java:578)
		at io.netty.util.concurrent.DefaultPromise.notifyListenersNow(DefaultPromise.java:552)
		at io.netty.util.concurrent.DefaultPromise.notifyListeners(DefaultPromise.java:491)
		at io.netty.util.concurrent.DefaultPromise.setValue0(DefaultPromise.java:616)
		at io.netty.util.concurrent.DefaultPromise.setFailure0(DefaultPromise.java:609)
		at io.netty.util.concurrent.DefaultPromise.setFailure(DefaultPromise.java:109)
		at io.netty.resolver.InetSocketAddressResolver$2.operationComplete(InetSocketAddressResolver.java:86)
		at io.netty.util.concurrent.DefaultPromise.notifyListener0(DefaultPromise.java:578)
		at io.netty.util.concurrent.DefaultPromise.notifyListeners0(DefaultPromise.java:571)
		at io.netty.util.concurrent.DefaultPromise.notifyListenersNow(DefaultPromise.java:550)
		at io.netty.util.concurrent.DefaultPromise.notifyListeners(DefaultPromise.java:491)
		at io.netty.util.concurrent.DefaultPromise.setValue0(DefaultPromise.java:616)
		at io.netty.util.concurrent.DefaultPromise.setFailure0(DefaultPromise.java:609)
		at io.netty.util.concurrent.DefaultPromise.tryFailure(DefaultPromise.java:117)
		at io.netty.resolver.dns.DnsResolveContext.finishResolve(DnsResolveContext.java:1054)
		at io.netty.resolver.dns.DnsResolveContext.tryToFinishResolve(DnsResolveContext.java:999)
		at io.netty.resolver.dns.DnsResolveContext.query(DnsResolveContext.java:417)
		at io.netty.resolver.dns.DnsResolveContext.tryToFinishResolve(DnsResolveContext.java:970)
		at io.netty.resolver.dns.DnsResolveContext.access$700(DnsResolveContext.java:65)
		at io.netty.resolver.dns.DnsResolveContext$2.operationComplete(DnsResolveContext.java:470)
		at io.netty.util.concurrent.DefaultPromise.notifyListener0(DefaultPromise.java:578)
		at io.netty.util.concurrent.DefaultPromise.notifyListeners0(DefaultPromise.java:571)
		at io.netty.util.concurrent.DefaultPromise.notifyListenersNow(DefaultPromise.java:550)
		at io.netty.util.concurrent.DefaultPromise.notifyListeners(DefaultPromise.java:491)
		at io.netty.util.concurrent.DefaultPromise.setValue0(DefaultPromise.java:616)
		at io.netty.util.concurrent.DefaultPromise.setSuccess0(DefaultPromise.java:605)
		at io.netty.util.concurrent.DefaultPromise.trySuccess(DefaultPromise.java:104)
		at io.netty.resolver.dns.DnsQueryContext.trySuccess(DnsQueryContext.java:201)
		at io.netty.resolver.dns.DnsQueryContext.finish(DnsQueryContext.java:193)
		at io.netty.resolver.dns.DnsNameResolver$DnsResponseHandler.channelRead(DnsNameResolver.java:1301)
		at io.netty.channel.AbstractChannelHandlerContext.invokeChannelRead(AbstractChannelHandlerContext.java:379)
		at io.netty.channel.AbstractChannelHandlerContext.invokeChannelRead(AbstractChannelHandlerContext.java:365)
		at io.netty.channel.AbstractChannelHandlerContext.fireChannelRead(AbstractChannelHandlerContext.java:357)
		at io.netty.handler.codec.MessageToMessageDecoder.channelRead(MessageToMessageDecoder.java:103)
		at io.netty.channel.AbstractChannelHandlerContext.invokeChannelRead(AbstractChannelHandlerContext.java:379)
		at io.netty.channel.AbstractChannelHandlerContext.invokeChannelRead(AbstractChannelHandlerContext.java:365)
		at io.netty.channel.AbstractChannelHandlerContext.fireChannelRead(AbstractChannelHandlerContext.java:357)
		at io.netty.channel.DefaultChannelPipeline$HeadContext.channelRead(DefaultChannelPipeline.java:1410)
		at io.netty.channel.AbstractChannelHandlerContext.invokeChannelRead(AbstractChannelHandlerContext.java:379)
		at io.netty.channel.AbstractChannelHandlerContext.invokeChannelRead(AbstractChannelHandlerContext.java:365)
		at io.netty.channel.DefaultChannelPipeline.fireChannelRead(DefaultChannelPipeline.java:919)
		at io.netty.channel.nio.AbstractNioMessageChannel$NioMessageUnsafe.read(AbstractNioMessageChannel.java:97)
		at io.netty.channel.nio.NioEventLoop.processSelectedKey(NioEventLoop.java:719)
		at io.netty.channel.nio.NioEventLoop.processSelectedKeysOptimized(NioEventLoop.java:655)
		at io.netty.channel.nio.NioEventLoop.processSelectedKeys(NioEventLoop.java:581)
		at io.netty.channel.nio.NioEventLoop.run(NioEventLoop.java:493)
		at io.netty.util.concurrent.SingleThreadEventExecutor$4.run(SingleThreadEventExecutor.java:986)
		at io.netty.util.internal.ThreadExecutorMap$2.run(ThreadExecutorMap.java:74)
		at io.netty.util.concurrent.FastThreadLocalRunnable.run(FastThreadLocalRunnable.java:30)
		at java.lang.Thread.run(Thread.java:748)
Caused by: java.net.UnknownHostException: failed to resolve 'HZ-IT-205.adicon.com' after 2 queries 
	at io.netty.resolver.dns.DnsResolveContext.finishResolve(DnsResolveContext.java:1046)
	at io.netty.resolver.dns.DnsResolveContext.tryToFinishResolve(DnsResolveContext.java:999)
	at io.netty.resolver.dns.DnsResolveContext.query(DnsResolveContext.java:417)
	at io.netty.resolver.dns.DnsResolveContext.tryToFinishResolve(DnsResolveContext.java:970)
	at io.netty.resolver.dns.DnsResolveContext.access$700(DnsResolveContext.java:65)
	at io.netty.resolver.dns.DnsResolveContext$2.operationComplete(DnsResolveContext.java:470)
	at io.netty.util.concurrent.DefaultPromise.notifyListener0(DefaultPromise.java:578)
	at io.netty.util.concurrent.DefaultPromise.notifyListeners0(DefaultPromise.java:571)
	at io.netty.util.concurrent.DefaultPromise.notifyListenersNow(DefaultPromise.java:550)
	at io.netty.util.concurrent.DefaultPromise.notifyListeners(DefaultPromise.java:491)
	at io.netty.util.concurrent.DefaultPromise.setValue0(DefaultPromise.java:616)
	at io.netty.util.concurrent.DefaultPromise.setSuccess0(DefaultPromise.java:605)
	at io.netty.util.concurrent.DefaultPromise.trySuccess(DefaultPromise.java:104)
	at io.netty.resolver.dns.DnsQueryContext.trySuccess(DnsQueryContext.java:201)
	at io.netty.resolver.dns.DnsQueryContext.finish(DnsQueryContext.java:193)
	at io.netty.resolver.dns.DnsNameResolver$DnsResponseHandler.channelRead(DnsNameResolver.java:1301)
	at io.netty.channel.AbstractChannelHandlerContext.invokeChannelRead(AbstractChannelHandlerContext.java:379)
	at io.netty.channel.AbstractChannelHandlerContext.invokeChannelRead(AbstractChannelHandlerContext.java:365)
	at io.netty.channel.AbstractChannelHandlerContext.fireChannelRead(AbstractChannelHandlerContext.java:357)
	at io.netty.handler.codec.MessageToMessageDecoder.channelRead(MessageToMessageDecoder.java:103)
	at io.netty.channel.AbstractChannelHandlerContext.invokeChannelRead(AbstractChannelHandlerContext.java:379)
	at io.netty.channel.AbstractChannelHandlerContext.invokeChannelRead(AbstractChannelHandlerContext.java:365)
	at io.netty.channel.AbstractChannelHandlerContext.fireChannelRead(AbstractChannelHandlerContext.java:357)
	at io.netty.channel.DefaultChannelPipeline$HeadContext.channelRead(DefaultChannelPipeline.java:1410)
	at io.netty.channel.AbstractChannelHandlerContext.invokeChannelRead(AbstractChannelHandlerContext.java:379)
	at io.netty.channel.AbstractChannelHandlerContext.invokeChannelRead(AbstractChannelHandlerContext.java:365)
	at io.netty.channel.DefaultChannelPipeline.fireChannelRead(DefaultChannelPipeline.java:919)
	at io.netty.channel.nio.AbstractNioMessageChannel$NioMessageUnsafe.read(AbstractNioMessageChannel.java:97)
	at io.netty.channel.nio.NioEventLoop.processSelectedKey(NioEventLoop.java:719)
	at io.netty.channel.nio.NioEventLoop.processSelectedKeysOptimized(NioEventLoop.java:655)
	at io.netty.channel.nio.NioEventLoop.processSelectedKeys(NioEventLoop.java:581)
	at io.netty.channel.nio.NioEventLoop.run(NioEventLoop.java:493)
	at io.netty.util.concurrent.SingleThreadEventExecutor$4.run(SingleThreadEventExecutor.java:986)
	at io.netty.util.internal.ThreadExecutorMap$2.run(ThreadExecutorMap.java:74)
	at io.netty.util.concurrent.FastThreadLocalRunnable.run(FastThreadLocalRunnable.java:30)
	at java.lang.Thread.run(Thread.java:748)

2022-09-14 08:44:59.130 ERROR 26052 --- [io-8000-exec-10] o.a.c.c.C.[.[.[/].[dispatcherServlet]    : Servlet.service() for servlet [dispatcherServlet] in context with path [] threw exception [Request processing failed; nested exception is org.springframework.web.reactive.function.client.WebClientRequestException: failed to resolve 'HZ-IT-205.adicon.com' after 2 queries ; nested exception is java.net.UnknownHostException: failed to resolve 'HZ-IT-205.adicon.com' after 2 queries ] with root cause

java.net.UnknownHostException: failed to resolve 'HZ-IT-205.adicon.com' after 2 queries 
	at io.netty.resolver.dns.DnsResolveContext.finishResolve(DnsResolveContext.java:1046)
	at io.netty.resolver.dns.DnsResolveContext.tryToFinishResolve(DnsResolveContext.java:999)
	at io.netty.resolver.dns.DnsResolveContext.query(DnsResolveContext.java:417)
	at io.netty.resolver.dns.DnsResolveContext.tryToFinishResolve(DnsResolveContext.java:970)
	at io.netty.resolver.dns.DnsResolveContext.access$700(DnsResolveContext.java:65)
	at io.netty.resolver.dns.DnsResolveContext$2.operationComplete(DnsResolveContext.java:470)
	at io.netty.util.concurrent.DefaultPromise.notifyListener0(DefaultPromise.java:578)
	at io.netty.util.concurrent.DefaultPromise.notifyListeners0(DefaultPromise.java:571)
	at io.netty.util.concurrent.DefaultPromise.notifyListenersNow(DefaultPromise.java:550)
	at io.netty.util.concurrent.DefaultPromise.notifyListeners(DefaultPromise.java:491)
	at io.netty.util.concurrent.DefaultPromise.setValue0(DefaultPromise.java:616)
	at io.netty.util.concurrent.DefaultPromise.setSuccess0(DefaultPromise.java:605)
	at io.netty.util.concurrent.DefaultPromise.trySuccess(DefaultPromise.java:104)
	at io.netty.resolver.dns.DnsQueryContext.trySuccess(DnsQueryContext.java:201)
	at io.netty.resolver.dns.DnsQueryContext.finish(DnsQueryContext.java:193)
	at io.netty.resolver.dns.DnsNameResolver$DnsResponseHandler.channelRead(DnsNameResolver.java:1301)
	at io.netty.channel.AbstractChannelHandlerContext.invokeChannelRead(AbstractChannelHandlerContext.java:379)
	at io.netty.channel.AbstractChannelHandlerContext.invokeChannelRead(AbstractChannelHandlerContext.java:365)
	at io.netty.channel.AbstractChannelHandlerContext.fireChannelRead(AbstractChannelHandlerContext.java:357)
	at io.netty.handler.codec.MessageToMessageDecoder.channelRead(MessageToMessageDecoder.java:103)
	at io.netty.channel.AbstractChannelHandlerContext.invokeChannelRead(AbstractChannelHandlerContext.java:379)
	at io.netty.channel.AbstractChannelHandlerContext.invokeChannelRead(AbstractChannelHandlerContext.java:365)
	at io.netty.channel.AbstractChannelHandlerContext.fireChannelRead(AbstractChannelHandlerContext.java:357)
	at io.netty.channel.DefaultChannelPipeline$HeadContext.channelRead(DefaultChannelPipeline.java:1410)
	at io.netty.channel.AbstractChannelHandlerContext.invokeChannelRead(AbstractChannelHandlerContext.java:379)
	at io.netty.channel.AbstractChannelHandlerContext.invokeChannelRead(AbstractChannelHandlerContext.java:365)
	at io.netty.channel.DefaultChannelPipeline.fireChannelRead(DefaultChannelPipeline.java:919)
	at io.netty.channel.nio.AbstractNioMessageChannel$NioMessageUnsafe.read(AbstractNioMessageChannel.java:97)
	at io.netty.channel.nio.NioEventLoop.processSelectedKey(NioEventLoop.java:719)
	at io.netty.channel.nio.NioEventLoop.processSelectedKeysOptimized(NioEventLoop.java:655)
	at io.netty.channel.nio.NioEventLoop.processSelectedKeys(NioEventLoop.java:581)
	at io.netty.channel.nio.NioEventLoop.run(NioEventLoop.java:493)
	at io.netty.util.concurrent.SingleThreadEventExecutor$4.run(SingleThreadEventExecutor.java:986)
	at io.netty.util.internal.ThreadExecutorMap$2.run(ThreadExecutorMap.java:74)
	at io.netty.util.concurrent.FastThreadLocalRunnable.run(FastThreadLocalRunnable.java:30)
	at java.lang.Thread.run(Thread.java:748)

2022-09-14 08:45:07.251 ERROR 26052 --- [nio-8000-exec-7] o.a.c.c.C.[.[.[/].[dispatcherServlet]    : Servlet.service() for servlet [dispatcherServlet] in context with path [] threw exception [Request processing failed; nested exception is org.springframework.web.reactive.function.client.WebClientRequestException: failed to resolve 'HZ-IT-205.adicon.com' after 2 queries ; nested exception is java.net.UnknownHostException: failed to resolve 'HZ-IT-205.adicon.com' after 2 queries ] with root cause

java.net.UnknownHostException: failed to resolve 'HZ-IT-205.adicon.com' after 2 queries 
	at io.netty.resolver.dns.DnsResolveContext.finishResolve(DnsResolveContext.java:1046)
	at io.netty.resolver.dns.DnsResolveContext.tryToFinishResolve(DnsResolveContext.java:999)
	at io.netty.resolver.dns.DnsResolveContext.query(DnsResolveContext.java:417)
	at io.netty.resolver.dns.DnsResolveContext.tryToFinishResolve(DnsResolveContext.java:970)
	at io.netty.resolver.dns.DnsResolveContext.access$700(DnsResolveContext.java:65)
	at io.netty.resolver.dns.DnsResolveContext$2.operationComplete(DnsResolveContext.java:470)
	at io.netty.util.concurrent.DefaultPromise.notifyListener0(DefaultPromise.java:578)
	at io.netty.util.concurrent.DefaultPromise.notifyListeners0(DefaultPromise.java:571)
	at io.netty.util.concurrent.DefaultPromise.notifyListenersNow(DefaultPromise.java:550)
	at io.netty.util.concurrent.DefaultPromise.notifyListeners(DefaultPromise.java:491)
	at io.netty.util.concurrent.DefaultPromise.setValue0(DefaultPromise.java:616)
	at io.netty.util.concurrent.DefaultPromise.setSuccess0(DefaultPromise.java:605)
	at io.netty.util.concurrent.DefaultPromise.trySuccess(DefaultPromise.java:104)
	at io.netty.resolver.dns.DnsQueryContext.trySuccess(DnsQueryContext.java:201)
	at io.netty.resolver.dns.DnsQueryContext.finish(DnsQueryContext.java:193)
	at io.netty.resolver.dns.DnsNameResolver$DnsResponseHandler.channelRead(DnsNameResolver.java:1301)
	at io.netty.channel.AbstractChannelHandlerContext.invokeChannelRead(AbstractChannelHandlerContext.java:379)
	at io.netty.channel.AbstractChannelHandlerContext.invokeChannelRead(AbstractChannelHandlerContext.java:365)
	at io.netty.channel.AbstractChannelHandlerContext.fireChannelRead(AbstractChannelHandlerContext.java:357)
	at io.netty.handler.codec.MessageToMessageDecoder.channelRead(MessageToMessageDecoder.java:103)
	at io.netty.channel.AbstractChannelHandlerContext.invokeChannelRead(AbstractChannelHandlerContext.java:379)
	at io.netty.channel.AbstractChannelHandlerContext.invokeChannelRead(AbstractChannelHandlerContext.java:365)
	at io.netty.channel.AbstractChannelHandlerContext.fireChannelRead(AbstractChannelHandlerContext.java:357)
	at io.netty.channel.DefaultChannelPipeline$HeadContext.channelRead(DefaultChannelPipeline.java:1410)
	at io.netty.channel.AbstractChannelHandlerContext.invokeChannelRead(AbstractChannelHandlerContext.java:379)
	at io.netty.channel.AbstractChannelHandlerContext.invokeChannelRead(AbstractChannelHandlerContext.java:365)
	at io.netty.channel.DefaultChannelPipeline.fireChannelRead(DefaultChannelPipeline.java:919)
	at io.netty.channel.nio.AbstractNioMessageChannel$NioMessageUnsafe.read(AbstractNioMessageChannel.java:97)
	at io.netty.channel.nio.NioEventLoop.processSelectedKey(NioEventLoop.java:719)
	at io.netty.channel.nio.NioEventLoop.processSelectedKeysOptimized(NioEventLoop.java:655)
	at io.netty.channel.nio.NioEventLoop.processSelectedKeys(NioEventLoop.java:581)
	at io.netty.channel.nio.NioEventLoop.run(NioEventLoop.java:493)
	at io.netty.util.concurrent.SingleThreadEventExecutor$4.run(SingleThreadEventExecutor.java:986)
	at io.netty.util.internal.ThreadExecutorMap$2.run(ThreadExecutorMap.java:74)
	at io.netty.util.concurrent.FastThreadLocalRunnable.run(FastThreadLocalRunnable.java:30)
	at java.lang.Thread.run(Thread.java:748)

2022-09-14 08:45:23.996 ERROR 26052 --- [nio-8000-exec-3] o.a.c.c.C.[.[.[/].[dispatcherServlet]    : Servlet.service() for servlet [dispatcherServlet] in context with path [] threw exception [Request processing failed; nested exception is org.springframework.web.reactive.function.client.WebClientRequestException: failed to resolve 'HZ-IT-205.adicon.com' after 2 queries ; nested exception is java.net.UnknownHostException: failed to resolve 'HZ-IT-205.adicon.com' after 2 queries ] with root cause

java.net.UnknownHostException: failed to resolve 'HZ-IT-205.adicon.com' after 2 queries 
	at io.netty.resolver.dns.DnsResolveContext.finishResolve(DnsResolveContext.java:1046)
	at io.netty.resolver.dns.DnsResolveContext.tryToFinishResolve(DnsResolveContext.java:999)
	at io.netty.resolver.dns.DnsResolveContext.query(DnsResolveContext.java:417)
	at io.netty.resolver.dns.DnsResolveContext.tryToFinishResolve(DnsResolveContext.java:970)
	at io.netty.resolver.dns.DnsResolveContext.access$700(DnsResolveContext.java:65)
	at io.netty.resolver.dns.DnsResolveContext$2.operationComplete(DnsResolveContext.java:470)
	at io.netty.util.concurrent.DefaultPromise.notifyListener0(DefaultPromise.java:578)
	at io.netty.util.concurrent.DefaultPromise.notifyListeners0(DefaultPromise.java:571)
	at io.netty.util.concurrent.DefaultPromise.notifyListenersNow(DefaultPromise.java:550)
	at io.netty.util.concurrent.DefaultPromise.notifyListeners(DefaultPromise.java:491)
	at io.netty.util.concurrent.DefaultPromise.setValue0(DefaultPromise.java:616)
	at io.netty.util.concurrent.DefaultPromise.setSuccess0(DefaultPromise.java:605)
	at io.netty.util.concurrent.DefaultPromise.trySuccess(DefaultPromise.java:104)
	at io.netty.resolver.dns.DnsQueryContext.trySuccess(DnsQueryContext.java:201)
	at io.netty.resolver.dns.DnsQueryContext.finish(DnsQueryContext.java:193)
	at io.netty.resolver.dns.DnsNameResolver$DnsResponseHandler.channelRead(DnsNameResolver.java:1301)
	at io.netty.channel.AbstractChannelHandlerContext.invokeChannelRead(AbstractChannelHandlerContext.java:379)
	at io.netty.channel.AbstractChannelHandlerContext.invokeChannelRead(AbstractChannelHandlerContext.java:365)
	at io.netty.channel.AbstractChannelHandlerContext.fireChannelRead(AbstractChannelHandlerContext.java:357)
	at io.netty.handler.codec.MessageToMessageDecoder.channelRead(MessageToMessageDecoder.java:103)
	at io.netty.channel.AbstractChannelHandlerContext.invokeChannelRead(AbstractChannelHandlerContext.java:379)
	at io.netty.channel.AbstractChannelHandlerContext.invokeChannelRead(AbstractChannelHandlerContext.java:365)
	at io.netty.channel.AbstractChannelHandlerContext.fireChannelRead(AbstractChannelHandlerContext.java:357)
	at io.netty.channel.DefaultChannelPipeline$HeadContext.channelRead(DefaultChannelPipeline.java:1410)
	at io.netty.channel.AbstractChannelHandlerContext.invokeChannelRead(AbstractChannelHandlerContext.java:379)
	at io.netty.channel.AbstractChannelHandlerContext.invokeChannelRead(AbstractChannelHandlerContext.java:365)
	at io.netty.channel.DefaultChannelPipeline.fireChannelRead(DefaultChannelPipeline.java:919)
	at io.netty.channel.nio.AbstractNioMessageChannel$NioMessageUnsafe.read(AbstractNioMessageChannel.java:97)
	at io.netty.channel.nio.NioEventLoop.processSelectedKey(NioEventLoop.java:719)
	at io.netty.channel.nio.NioEventLoop.processSelectedKeysOptimized(NioEventLoop.java:655)
	at io.netty.channel.nio.NioEventLoop.processSelectedKeys(NioEventLoop.java:581)
	at io.netty.channel.nio.NioEventLoop.run(NioEventLoop.java:493)
	at io.netty.util.concurrent.SingleThreadEventExecutor$4.run(SingleThreadEventExecutor.java:986)
	at io.netty.util.internal.ThreadExecutorMap$2.run(ThreadExecutorMap.java:74)
	at io.netty.util.concurrent.FastThreadLocalRunnable.run(FastThreadLocalRunnable.java:30)
	at java.lang.Thread.run(Thread.java:748)

2022-09-14 08:46:42.765 ERROR 26052 --- [nio-8000-exec-1] o.a.c.c.C.[.[.[/].[dispatcherServlet]    : Servlet.service() for servlet [dispatcherServlet] in context with path [] threw exception [Request processing failed; nested exception is org.springframework.web.reactive.function.client.WebClientRequestException: failed to resolve 'HZ-IT-205.adicon.com' after 2 queries ; nested exception is java.net.UnknownHostException: failed to resolve 'HZ-IT-205.adicon.com' after 2 queries ] with root cause

java.net.UnknownHostException: failed to resolve 'HZ-IT-205.adicon.com' after 2 queries 
	at io.netty.resolver.dns.DnsResolveContext.finishResolve(DnsResolveContext.java:1046)
	at io.netty.resolver.dns.DnsResolveContext.tryToFinishResolve(DnsResolveContext.java:999)
	at io.netty.resolver.dns.DnsResolveContext.query(DnsResolveContext.java:417)
	at io.netty.resolver.dns.DnsResolveContext.tryToFinishResolve(DnsResolveContext.java:970)
	at io.netty.resolver.dns.DnsResolveContext.access$700(DnsResolveContext.java:65)
	at io.netty.resolver.dns.DnsResolveContext$2.operationComplete(DnsResolveContext.java:470)
	at io.netty.util.concurrent.DefaultPromise.notifyListener0(DefaultPromise.java:578)
	at io.netty.util.concurrent.DefaultPromise.notifyListeners0(DefaultPromise.java:571)
	at io.netty.util.concurrent.DefaultPromise.notifyListenersNow(DefaultPromise.java:550)
	at io.netty.util.concurrent.DefaultPromise.notifyListeners(DefaultPromise.java:491)
	at io.netty.util.concurrent.DefaultPromise.setValue0(DefaultPromise.java:616)
	at io.netty.util.concurrent.DefaultPromise.setSuccess0(DefaultPromise.java:605)
	at io.netty.util.concurrent.DefaultPromise.trySuccess(DefaultPromise.java:104)
	at io.netty.resolver.dns.DnsQueryContext.trySuccess(DnsQueryContext.java:201)
	at io.netty.resolver.dns.DnsQueryContext.finish(DnsQueryContext.java:193)
	at io.netty.resolver.dns.DnsNameResolver$DnsResponseHandler.channelRead(DnsNameResolver.java:1301)
	at io.netty.channel.AbstractChannelHandlerContext.invokeChannelRead(AbstractChannelHandlerContext.java:379)
	at io.netty.channel.AbstractChannelHandlerContext.invokeChannelRead(AbstractChannelHandlerContext.java:365)
	at io.netty.channel.AbstractChannelHandlerContext.fireChannelRead(AbstractChannelHandlerContext.java:357)
	at io.netty.handler.codec.MessageToMessageDecoder.channelRead(MessageToMessageDecoder.java:103)
	at io.netty.channel.AbstractChannelHandlerContext.invokeChannelRead(AbstractChannelHandlerContext.java:379)
	at io.netty.channel.AbstractChannelHandlerContext.invokeChannelRead(AbstractChannelHandlerContext.java:365)
	at io.netty.channel.AbstractChannelHandlerContext.fireChannelRead(AbstractChannelHandlerContext.java:357)
	at io.netty.channel.DefaultChannelPipeline$HeadContext.channelRead(DefaultChannelPipeline.java:1410)
	at io.netty.channel.AbstractChannelHandlerContext.invokeChannelRead(AbstractChannelHandlerContext.java:379)
	at io.netty.channel.AbstractChannelHandlerContext.invokeChannelRead(AbstractChannelHandlerContext.java:365)
	at io.netty.channel.DefaultChannelPipeline.fireChannelRead(DefaultChannelPipeline.java:919)
	at io.netty.channel.nio.AbstractNioMessageChannel$NioMessageUnsafe.read(AbstractNioMessageChannel.java:97)
	at io.netty.channel.nio.NioEventLoop.processSelectedKey(NioEventLoop.java:719)
	at io.netty.channel.nio.NioEventLoop.processSelectedKeysOptimized(NioEventLoop.java:655)
	at io.netty.channel.nio.NioEventLoop.processSelectedKeys(NioEventLoop.java:581)
	at io.netty.channel.nio.NioEventLoop.run(NioEventLoop.java:493)
	at io.netty.util.concurrent.SingleThreadEventExecutor$4.run(SingleThreadEventExecutor.java:986)
	at io.netty.util.internal.ThreadExecutorMap$2.run(ThreadExecutorMap.java:74)
	at io.netty.util.concurrent.FastThreadLocalRunnable.run(FastThreadLocalRunnable.java:30)
	at java.lang.Thread.run(Thread.java:748)

2022-09-14 08:46:48.181 ERROR 26052 --- [nio-8000-exec-6] o.a.c.c.C.[.[.[/].[dispatcherServlet]    : Servlet.service() for servlet [dispatcherServlet] in context with path [] threw exception [Request processing failed; nested exception is org.springframework.web.reactive.function.client.WebClientRequestException: failed to resolve 'HZ-IT-205.adicon.com' after 2 queries ; nested exception is java.net.UnknownHostException: failed to resolve 'HZ-IT-205.adicon.com' after 2 queries ] with root cause

java.net.UnknownHostException: failed to resolve 'HZ-IT-205.adicon.com' after 2 queries 
	at io.netty.resolver.dns.DnsResolveContext.finishResolve(DnsResolveContext.java:1046)
	at io.netty.resolver.dns.DnsResolveContext.tryToFinishResolve(DnsResolveContext.java:999)
	at io.netty.resolver.dns.DnsResolveContext.query(DnsResolveContext.java:417)
	at io.netty.resolver.dns.DnsResolveContext.tryToFinishResolve(DnsResolveContext.java:970)
	at io.netty.resolver.dns.DnsResolveContext.access$700(DnsResolveContext.java:65)
	at io.netty.resolver.dns.DnsResolveContext$2.operationComplete(DnsResolveContext.java:470)
	at io.netty.util.concurrent.DefaultPromise.notifyListener0(DefaultPromise.java:578)
	at io.netty.util.concurrent.DefaultPromise.notifyListeners0(DefaultPromise.java:571)
	at io.netty.util.concurrent.DefaultPromise.notifyListenersNow(DefaultPromise.java:550)
	at io.netty.util.concurrent.DefaultPromise.notifyListeners(DefaultPromise.java:491)
	at io.netty.util.concurrent.DefaultPromise.setValue0(DefaultPromise.java:616)
	at io.netty.util.concurrent.DefaultPromise.setSuccess0(DefaultPromise.java:605)
	at io.netty.util.concurrent.DefaultPromise.trySuccess(DefaultPromise.java:104)
	at io.netty.resolver.dns.DnsQueryContext.trySuccess(DnsQueryContext.java:201)
	at io.netty.resolver.dns.DnsQueryContext.finish(DnsQueryContext.java:193)
	at io.netty.resolver.dns.DnsNameResolver$DnsResponseHandler.channelRead(DnsNameResolver.java:1301)
	at io.netty.channel.AbstractChannelHandlerContext.invokeChannelRead(AbstractChannelHandlerContext.java:379)
	at io.netty.channel.AbstractChannelHandlerContext.invokeChannelRead(AbstractChannelHandlerContext.java:365)
	at io.netty.channel.AbstractChannelHandlerContext.fireChannelRead(AbstractChannelHandlerContext.java:357)
	at io.netty.handler.codec.MessageToMessageDecoder.channelRead(MessageToMessageDecoder.java:103)
	at io.netty.channel.AbstractChannelHandlerContext.invokeChannelRead(AbstractChannelHandlerContext.java:379)
	at io.netty.channel.AbstractChannelHandlerContext.invokeChannelRead(AbstractChannelHandlerContext.java:365)
	at io.netty.channel.AbstractChannelHandlerContext.fireChannelRead(AbstractChannelHandlerContext.java:357)
	at io.netty.channel.DefaultChannelPipeline$HeadContext.channelRead(DefaultChannelPipeline.java:1410)
	at io.netty.channel.AbstractChannelHandlerContext.invokeChannelRead(AbstractChannelHandlerContext.java:379)
	at io.netty.channel.AbstractChannelHandlerContext.invokeChannelRead(AbstractChannelHandlerContext.java:365)
	at io.netty.channel.DefaultChannelPipeline.fireChannelRead(DefaultChannelPipeline.java:919)
	at io.netty.channel.nio.AbstractNioMessageChannel$NioMessageUnsafe.read(AbstractNioMessageChannel.java:97)
	at io.netty.channel.nio.NioEventLoop.processSelectedKey(NioEventLoop.java:719)
	at io.netty.channel.nio.NioEventLoop.processSelectedKeysOptimized(NioEventLoop.java:655)
	at io.netty.channel.nio.NioEventLoop.processSelectedKeys(NioEventLoop.java:581)
	at io.netty.channel.nio.NioEventLoop.run(NioEventLoop.java:493)
	at io.netty.util.concurrent.SingleThreadEventExecutor$4.run(SingleThreadEventExecutor.java:986)
	at io.netty.util.internal.ThreadExecutorMap$2.run(ThreadExecutorMap.java:74)
	at io.netty.util.concurrent.FastThreadLocalRunnable.run(FastThreadLocalRunnable.java:30)
	at java.lang.Thread.run(Thread.java:748)

